# JRE version: OpenJDK Runtime Environment (8.0_112-b06) (build 1.8.0_112-release-b06)
# Java VM: OpenJDK 64-Bit Server VM (25.112-b06 mixed mode windows-amd64 compressed oops)
Heap:
 PSYoungGen      total 256000K, used 105096K [0x00000000e0000000, 0x00000000f2300000, 0x0000000100000000)
  eden space 237056K, 36% used [0x00000000e0000000,0x00000000e5429528,0x00000000ee780000)
  from space 18944K, 99% used [0x00000000efd80000,0x00000000f0ff8be0,0x00000000f1000000)
  to   space 22528K, 0% used [0x00000000ee780000,0x00000000ee780000,0x00000000efd80000)
 ParOldGen       total 87552K, used 53269K [0x00000000a0000000, 0x00000000a5580000, 0x00000000e0000000)
  object space 87552K, 60% used [0x00000000a0000000,0x00000000a34055a0,0x00000000a5580000)
 Metaspace       used 66906K, capacity 69724K, committed 70016K, reserved 1110016K
  class space    used 8705K, capacity 9269K, committed 9344K, reserved 1048576K
GC Heap History (10 events):
Event: 37.697 GC heap before
{Heap before GC invocations=17 (full 2):
 PSYoungGen      total 171520K, used 103661K [0x00000000e0000000, 0x00000000eb800000, 0x0000000100000000)
  eden space 158720K, 57% used [0x00000000e0000000,0x00000000e59b5558,0x00000000e9b00000)
  from space 12800K, 92% used [0x00000000eab80000,0x00000000eb705f48,0x00000000eb800000)
  to   space 14848K, 0% used [0x00000000e9b00000,0x00000000e9b00000,0x00000000ea980000)
 ParOldGen       total 47616K, used 27300K [0x00000000a0000000, 0x00000000a2e80000, 0x00000000e0000000)
  object space 47616K, 57% used [0x00000000a0000000,0x00000000a1aa93e0,0x00000000a2e80000)
 Metaspace       used 57142K, capacity 59084K, committed 59136K, reserved 1099776K
  class space    used 7718K, capacity 8160K, committed 8192K, reserved 1048576K
Event: 37.755 GC heap after
Heap after GC invocations=17 (full 2):
 PSYoungGen      total 173568K, used 11744K [0x00000000e0000000, 0x00000000efb00000, 0x0000000100000000)
  eden space 158720K, 0% used [0x00000000e0000000,0x00000000e0000000,0x00000000e9b00000)
  from space 14848K, 79% used [0x00000000e9b00000,0x00000000ea678000,0x00000000ea980000)
  to   space 15872K, 0% used [0x00000000eeb80000,0x00000000eeb80000,0x00000000efb00000)
 ParOldGen       total 47616K, used 34943K [0x00000000a0000000, 0x00000000a2e80000, 0x00000000e0000000)
  object space 47616K, 73% used [0x00000000a0000000,0x00000000a221ff10,0x00000000a2e80000)
 Metaspace       used 57142K, capacity 59084K, committed 59136K, reserved 1099776K
  class space    used 7718K, capacity 8160K, committed 8192K, reserved 1048576K
}
Event: 37.755 GC heap before
{Heap before GC invocations=18 (full 3):
 PSYoungGen      total 173568K, used 11744K [0x00000000e0000000, 0x00000000efb00000, 0x0000000100000000)
  eden space 158720K, 0% used [0x00000000e0000000,0x00000000e0000000,0x00000000e9b00000)
  from space 14848K, 79% used [0x00000000e9b00000,0x00000000ea678000,0x00000000ea980000)
  to   space 15872K, 0% used [0x00000000eeb80000,0x00000000eeb80000,0x00000000efb00000)
 ParOldGen       total 47616K, used 34943K [0x00000000a0000000, 0x00000000a2e80000, 0x00000000e0000000)
  object space 47616K, 73% used [0x00000000a0000000,0x00000000a221ff10,0x00000000a2e80000)
 Metaspace       used 57142K, capacity 59084K, committed 59136K, reserved 1099776K
  class space    used 7718K, capacity 8160K, committed 8192K, reserved 1048576K
Event: 38.503 GC heap after
Heap after GC invocations=18 (full 3):
 PSYoungGen      total 173568K, used 0K [0x00000000e0000000, 0x00000000efb00000, 0x0000000100000000)
  eden space 158720K, 0% used [0x00000000e0000000,0x00000000e0000000,0x00000000e9b00000)
  from space 14848K, 0% used [0x00000000e9b00000,0x00000000e9b00000,0x00000000ea980000)
  to   space 15872K, 0% used [0x00000000eeb80000,0x00000000eeb80000,0x00000000efb00000)
 ParOldGen       total 87552K, used 44164K [0x00000000a0000000, 0x00000000a5580000, 0x00000000e0000000)
  object space 87552K, 50% used [0x00000000a0000000,0x00000000a2b21050,0x00000000a5580000)
 Metaspace       used 57142K, capacity 59084K, committed 59136K, reserved 1099776K
  class space    used 7718K, capacity 8160K, committed 8192K, reserved 1048576K
}
Event: 70.719 GC heap before
{Heap before GC invocations=19 (full 3):
 PSYoungGen      total 173568K, used 158720K [0x00000000e0000000, 0x00000000efb00000, 0x0000000100000000)
  eden space 158720K, 100% used [0x00000000e0000000,0x00000000e9b00000,0x00000000e9b00000)
  from space 14848K, 0% used [0x00000000e9b00000,0x00000000e9b00000,0x00000000ea980000)
  to   space 15872K, 0% used [0x00000000eeb80000,0x00000000eeb80000,0x00000000efb00000)
 ParOldGen       total 87552K, used 44164K [0x00000000a0000000, 0x00000000a5580000, 0x00000000e0000000)
  object space 87552K, 50% used [0x00000000a0000000,0x00000000a2b21050,0x00000000a5580000)
 Metaspace       used 63800K, capacity 66282K, committed 66688K, reserved 1107968K
  class space    used 8440K, capacity 8974K, committed 9088K, reserved 1048576K
Event: 70.764 GC heap after
Heap after GC invocations=19 (full 3):
 PSYoungGen      total 221184K, used 15857K [0x00000000e0000000, 0x00000000efb00000, 0x0000000100000000)
  eden space 205312K, 0% used [0x00000000e0000000,0x00000000e0000000,0x00000000ec880000)
  from space 15872K, 99% used [0x00000000eeb80000,0x00000000efafc5c8,0x00000000efb00000)
  to   space 18432K, 0% used [0x00000000ed700000,0x00000000ed700000,0x00000000ee900000)
 ParOldGen       total 87552K, used 45096K [0x00000000a0000000, 0x00000000a5580000, 0x00000000e0000000)
  object space 87552K, 51% used [0x00000000a0000000,0x00000000a2c0a310,0x00000000a5580000)
 Metaspace       used 63800K, capacity 66282K, committed 66688K, reserved 1107968K
  class space    used 8440K, capacity 8974K, committed 9088K, reserved 1048576K
}
Event: 90.258 GC heap before
{Heap before GC invocations=20 (full 3):
 PSYoungGen      total 221184K, used 221169K [0x00000000e0000000, 0x00000000efb00000, 0x0000000100000000)
  eden space 205312K, 100% used [0x00000000e0000000,0x00000000ec880000,0x00000000ec880000)
  from space 15872K, 99% used [0x00000000eeb80000,0x00000000efafc5c8,0x00000000efb00000)
  to   space 18432K, 0% used [0x00000000ed700000,0x00000000ed700000,0x00000000ee900000)
 ParOldGen       total 87552K, used 45096K [0x00000000a0000000, 0x00000000a5580000, 0x00000000e0000000)
  object space 87552K, 51% used [0x00000000a0000000,0x00000000a2c0a310,0x00000000a5580000)
 Metaspace       used 65729K, capacity 68312K, committed 68608K, reserved 1107968K
  class space    used 8635K, capacity 9189K, committed 9216K, reserved 1048576K
Event: 90.295 GC heap after
Heap after GC invocations=20 (full 3):
 PSYoungGen      total 238592K, used 12079K [0x00000000e0000000, 0x00000000f1000000, 0x0000000100000000)
  eden space 220160K, 0% used [0x00000000e0000000,0x00000000e0000000,0x00000000ed700000)
  from space 18432K, 65% used [0x00000000ed700000,0x00000000ee2cbc60,0x00000000ee900000)
  to   space 18944K, 0% used [0x00000000efd80000,0x00000000efd80000,0x00000000f1000000)
 ParOldGen       total 87552K, used 51548K [0x00000000a0000000, 0x00000000a5580000, 0x00000000e0000000)
  object space 87552K, 58% used [0x00000000a0000000,0x00000000a3257280,0x00000000a5580000)
 Metaspace       used 65729K, capacity 68312K, committed 68608K, reserved 1107968K
  class space    used 8635K, capacity 9189K, committed 9216K, reserved 1048576K
}
Event: 953.534 GC heap before
{Heap before GC invocations=21 (full 3):
 PSYoungGen      total 238592K, used 232239K [0x00000000e0000000, 0x00000000f1000000, 0x0000000100000000)
  eden space 220160K, 100% used [0x00000000e0000000,0x00000000ed700000,0x00000000ed700000)
  from space 18432K, 65% used [0x00000000ed700000,0x00000000ee2cbc60,0x00000000ee900000)
  to   space 18944K, 0% used [0x00000000efd80000,0x00000000efd80000,0x00000000f1000000)
 ParOldGen       total 87552K, used 51548K [0x00000000a0000000, 0x00000000a5580000, 0x00000000e0000000)
  object space 87552K, 58% used [0x00000000a0000000,0x00000000a3257280,0x00000000a5580000)
 Metaspace       used 66303K, capacity 68968K, committed 69120K, reserved 1110016K
  class space    used 8652K, capacity 9215K, committed 9216K, reserved 1048576K
Event: 955.343 GC heap after
Heap after GC invocations=21 (full 3):
 PSYoungGen      total 256000K, used 18914K [0x00000000e0000000, 0x00000000f2300000, 0x0000000100000000)
  eden space 237056K, 0% used [0x00000000e0000000,0x00000000e0000000,0x00000000ee780000)
  from space 18944K, 99% used [0x00000000efd80000,0x00000000f0ff8be0,0x00000000f1000000)
  to   space 22528K, 0% used [0x00000000ee780000,0x00000000ee780000,0x00000000efd80000)
 ParOldGen       total 87552K, used 53269K [0x00000000a0000000, 0x00000000a5580000, 0x00000000e0000000)
  object space 87552K, 60% used [0x00000000a0000000,0x00000000a34055a0,0x00000000a5580000)
 Metaspace       used 66303K, capacity 68968K, committed 69120K, reserved 1110016K
  class space    used 8652K, capacity 9215K, committed 9216K, reserved 1048576K
}

