# JRE version: OpenJDK Runtime Environment (8.0_112-b06) (build 1.8.0_112-release-b06)
# Java VM: OpenJDK 64-Bit Server VM (25.112-b06 mixed mode windows-amd64 compressed oops)
Heap:
 PSYoungGen      total 233984K, used 195559K [0x00000000e0000000, 0x00000000eff80000, 0x0000000100000000)
  eden space 220672K, 88% used [0x00000000e0000000,0x00000000ebef9d50,0x00000000ed780000)
  from space 13312K, 0% used [0x00000000ee480000,0x00000000ee480000,0x00000000ef180000)
  to   space 13312K, 0% used [0x00000000ed780000,0x00000000ed780000,0x00000000ee480000)
 ParOldGen       total 42496K, used 14441K [0x00000000a0000000, 0x00000000a2980000, 0x00000000e0000000)
  object space 42496K, 33% used [0x00000000a0000000,0x00000000a0e1a500,0x00000000a2980000)
 Metaspace       used 48047K, capacity 49476K, committed 49664K, reserved 1091584K
  class space    used 6532K, capacity 6861K, committed 6912K, reserved 1048576K
GC Heap History (10 events):
Event: 13.912 GC heap before
{Heap before GC invocations=6 (full 1):
 PSYoungGen      total 68096K, used 2528K [0x00000000e0000000, 0x00000000e9300000, 0x0000000100000000)
  eden space 65536K, 0% used [0x00000000e0000000,0x00000000e0000000,0x00000000e4000000)
  from space 2560K, 98% used [0x00000000e4000000,0x00000000e4278020,0x00000000e4280000)
  to   space 9728K, 0% used [0x00000000e8980000,0x00000000e8980000,0x00000000e9300000)
 ParOldGen       total 44032K, used 12952K [0x00000000a0000000, 0x00000000a2b00000, 0x00000000e0000000)
  object space 44032K, 29% used [0x00000000a0000000,0x00000000a0ca6200,0x00000000a2b00000)
 Metaspace       used 20832K, capacity 21100K, committed 21296K, reserved 1067008K
  class space    used 2756K, capacity 2865K, committed 2944K, reserved 1048576K
Event: 14.055 GC heap after
Heap after GC invocations=6 (full 1):
 PSYoungGen      total 68096K, used 0K [0x00000000e0000000, 0x00000000e9300000, 0x0000000100000000)
  eden space 65536K, 0% used [0x00000000e0000000,0x00000000e0000000,0x00000000e4000000)
  from space 2560K, 0% used [0x00000000e4000000,0x00000000e4000000,0x00000000e4280000)
  to   space 9728K, 0% used [0x00000000e8980000,0x00000000e8980000,0x00000000e9300000)
 ParOldGen       total 37376K, used 12105K [0x00000000a0000000, 0x00000000a2480000, 0x00000000e0000000)
  object space 37376K, 32% used [0x00000000a0000000,0x00000000a0bd25b0,0x00000000a2480000)
 Metaspace       used 20832K, capacity 21100K, committed 21296K, reserved 1067008K
  class space    used 2756K, capacity 2865K, committed 2944K, reserved 1048576K
}
Event: 18.586 GC heap before
{Heap before GC invocations=7 (full 1):
 PSYoungGen      total 68096K, used 65536K [0x00000000e0000000, 0x00000000e9300000, 0x0000000100000000)
  eden space 65536K, 100% used [0x00000000e0000000,0x00000000e4000000,0x00000000e4000000)
  from space 2560K, 0% used [0x00000000e4000000,0x00000000e4000000,0x00000000e4280000)
  to   space 9728K, 0% used [0x00000000e8980000,0x00000000e8980000,0x00000000e9300000)
 ParOldGen       total 37376K, used 12105K [0x00000000a0000000, 0x00000000a2480000, 0x00000000e0000000)
  object space 37376K, 32% used [0x00000000a0000000,0x00000000a0bd25b0,0x00000000a2480000)
 Metaspace       used 25939K, capacity 26368K, committed 26496K, reserved 1073152K
  class space    used 3580K, capacity 3693K, committed 3712K, reserved 1048576K
Event: 18.607 GC heap after
Heap after GC invocations=7 (full 1):
 PSYoungGen      total 129536K, used 7915K [0x00000000e0000000, 0x00000000e9180000, 0x0000000100000000)
  eden space 121344K, 0% used [0x00000000e0000000,0x00000000e0000000,0x00000000e7680000)
  from space 8192K, 96% used [0x00000000e8980000,0x00000000e913aeb8,0x00000000e9180000)
  to   space 10240K, 0% used [0x00000000e7d80000,0x00000000e7d80000,0x00000000e8780000)
 ParOldGen       total 37376K, used 12113K [0x00000000a0000000, 0x00000000a2480000, 0x00000000e0000000)
  object space 37376K, 32% used [0x00000000a0000000,0x00000000a0bd45b0,0x00000000a2480000)
 Metaspace       used 25939K, capacity 26368K, committed 26496K, reserved 1073152K
  class space    used 3580K, capacity 3693K, committed 3712K, reserved 1048576K
}
Event: 24.917 GC heap before
{Heap before GC invocations=8 (full 1):
 PSYoungGen      total 129536K, used 129259K [0x00000000e0000000, 0x00000000e9180000, 0x0000000100000000)
  eden space 121344K, 100% used [0x00000000e0000000,0x00000000e7680000,0x00000000e7680000)
  from space 8192K, 96% used [0x00000000e8980000,0x00000000e913aeb8,0x00000000e9180000)
  to   space 10240K, 0% used [0x00000000e7d80000,0x00000000e7d80000,0x00000000e8780000)
 ParOldGen       total 37376K, used 12113K [0x00000000a0000000, 0x00000000a2480000, 0x00000000e0000000)
  object space 37376K, 32% used [0x00000000a0000000,0x00000000a0bd45b0,0x00000000a2480000)
 Metaspace       used 34106K, capacity 34588K, committed 34944K, reserved 1079296K
  class space    used 4555K, capacity 4712K, committed 4736K, reserved 1048576K
Event: 24.959 GC heap after
Heap after GC invocations=8 (full 1):
 PSYoungGen      total 138752K, used 10236K [0x00000000e0000000, 0x00000000ef180000, 0x0000000100000000)
  eden space 128512K, 0% used [0x00000000e0000000,0x00000000e0000000,0x00000000e7d80000)
  from space 10240K, 99% used [0x00000000e7d80000,0x00000000e877f150,0x00000000e8780000)
  to   space 13312K, 0% used [0x00000000ee480000,0x00000000ee480000,0x00000000ef180000)
 ParOldGen       total 37376K, used 14291K [0x00000000a0000000, 0x00000000a2480000, 0x00000000e0000000)
  object space 37376K, 38% used [0x00000000a0000000,0x00000000a0df4eb8,0x00000000a2480000)
 Metaspace       used 34106K, capacity 34588K, committed 34944K, reserved 1079296K
  class space    used 4555K, capacity 4712K, committed 4736K, reserved 1048576K
}
Event: 25.357 GC heap before
{Heap before GC invocations=9 (full 1):
 PSYoungGen      total 138752K, used 27128K [0x00000000e0000000, 0x00000000ef180000, 0x0000000100000000)
  eden space 128512K, 13% used [0x00000000e0000000,0x00000000e107efe0,0x00000000e7d80000)
  from space 10240K, 99% used [0x00000000e7d80000,0x00000000e877f150,0x00000000e8780000)
  to   space 13312K, 0% used [0x00000000ee480000,0x00000000ee480000,0x00000000ef180000)
 ParOldGen       total 37376K, used 14291K [0x00000000a0000000, 0x00000000a2480000, 0x00000000e0000000)
  object space 37376K, 38% used [0x00000000a0000000,0x00000000a0df4eb8,0x00000000a2480000)
 Metaspace       used 34763K, capacity 35336K, committed 35496K, reserved 1079296K
  class space    used 4652K, capacity 4810K, committed 4864K, reserved 1048576K
Event: 25.382 GC heap after
Heap after GC invocations=9 (full 1):
 PSYoungGen      total 233984K, used 7985K [0x00000000e0000000, 0x00000000eff80000, 0x0000000100000000)
  eden space 220672K, 0% used [0x00000000e0000000,0x00000000e0000000,0x00000000ed780000)
  from space 13312K, 59% used [0x00000000ee480000,0x00000000eec4c768,0x00000000ef180000)
  to   space 13312K, 0% used [0x00000000ed780000,0x00000000ed780000,0x00000000ee480000)
 ParOldGen       total 37376K, used 14299K [0x00000000a0000000, 0x00000000a2480000, 0x00000000e0000000)
  object space 37376K, 38% used [0x00000000a0000000,0x00000000a0df6eb8,0x00000000a2480000)
 Metaspace       used 34763K, capacity 35336K, committed 35496K, reserved 1079296K
  class space    used 4652K, capacity 4810K, committed 4864K, reserved 1048576K
}
Event: 25.382 GC heap before
{Heap before GC invocations=10 (full 2):
 PSYoungGen      total 233984K, used 7985K [0x00000000e0000000, 0x00000000eff80000, 0x0000000100000000)
  eden space 220672K, 0% used [0x00000000e0000000,0x00000000e0000000,0x00000000ed780000)
  from space 13312K, 59% used [0x00000000ee480000,0x00000000eec4c768,0x00000000ef180000)
  to   space 13312K, 0% used [0x00000000ed780000,0x00000000ed780000,0x00000000ee480000)
 ParOldGen       total 37376K, used 14299K [0x00000000a0000000, 0x00000000a2480000, 0x00000000e0000000)
  object space 37376K, 38% used [0x00000000a0000000,0x00000000a0df6eb8,0x00000000a2480000)
 Metaspace       used 34763K, capacity 35336K, committed 35496K, reserved 1079296K
  class space    used 4652K, capacity 4810K, committed 4864K, reserved 1048576K
Event: 25.495 GC heap after
Heap after GC invocations=10 (full 2):
 PSYoungGen      total 233984K, used 0K [0x00000000e0000000, 0x00000000eff80000, 0x0000000100000000)
  eden space 220672K, 0% used [0x00000000e0000000,0x00000000e0000000,0x00000000ed780000)
  from space 13312K, 0% used [0x00000000ee480000,0x00000000ee480000,0x00000000ef180000)
  to   space 13312K, 0% used [0x00000000ed780000,0x00000000ed780000,0x00000000ee480000)
 ParOldGen       total 42496K, used 14441K [0x00000000a0000000, 0x00000000a2980000, 0x00000000e0000000)
  object space 42496K, 33% used [0x00000000a0000000,0x00000000a0e1a500,0x00000000a2980000)
 Metaspace       used 34763K, capacity 35336K, committed 35496K, reserved 1079296K
  class space    used 4652K, capacity 4810K, committed 4864K, reserved 1048576K
}

